# JRE version: Java(TM) SE Runtime Environment (17.0.8+9) (build 17.0.8+9-LTS-211)
# Java VM: Java HotSpot(TM) 64-Bit Server VM (17.0.8+9-LTS-211, mixed mode, sharing, tiered, compressed oops, compressed class ptrs, g1 gc, windows-amd64)
GC Precious Log:
 CPUs: 2 total, 2 available
 Memory: 4095M
 Large Page Support: Disabled
 NUMA Support: Disabled
 Compressed Oops: Enabled (32-bit)
 Heap Region Size: 1M
 Heap Min Capacity: 8M
 Heap Initial Capacity: 64M
 Heap Max Capacity: 1G
 Pre-touch: Disabled
 Parallel Workers: 2
 Concurrent Workers: 1
 Concurrent Refinement Workers: 2
 Periodic GC: Disabled
Heap:
 garbage-first heap   total 153600K, used 45345K [0x00000000c0000000, 0x0000000100000000)
  region size 1024K, 1 young (1024K), 1 survivors (1024K)
 Metaspace       used 15641K, committed 15872K, reserved 1114112K
  class space    used 1344K, committed 1472K, reserved 1048576K
GC Heap History (20 events):
Event: 537.018 GC heap after
{Heap after GC invocations=318 (full 34):
 garbage-first heap   total 153600K, used 45370K [0x00000000c0000000, 0x0000000100000000)
  region size 1024K, 1 young (1024K), 1 survivors (1024K)
 Metaspace       used 15627K, committed 15872K, reserved 1114112K
  class space    used 1344K, committed 1472K, reserved 1048576K
}
Event: 537.100 GC heap before
{Heap before GC invocations=318 (full 34):
 garbage-first heap   total 153600K, used 134458K [0x00000000c0000000, 0x0000000100000000)
  region size 1024K, 89 young (91136K), 1 survivors (1024K)
 Metaspace       used 15627K, committed 15872K, reserved 1114112K
  class space    used 1344K, committed 1472K, reserved 1048576K
}
Event: 537.101 GC heap after
{Heap after GC invocations=319 (full 34):
 garbage-first heap   total 153600K, used 45364K [0x00000000c0000000, 0x0000000100000000)
  region size 1024K, 1 young (1024K), 1 survivors (1024K)
 Metaspace       used 15627K, committed 15872K, reserved 1114112K
  class space    used 1344K, committed 1472K, reserved 1048576K
}
Event: 537.174 GC heap before
{Heap before GC invocations=319 (full 34):
 garbage-first heap   total 153600K, used 134452K [0x00000000c0000000, 0x0000000100000000)
  region size 1024K, 89 young (91136K), 1 survivors (1024K)
 Metaspace       used 15627K, committed 15872K, reserved 1114112K
  class space    used 1344K, committed 1472K, reserved 1048576K
}
Event: 537.176 GC heap after
{Heap after GC invocations=320 (full 34):
 garbage-first heap   total 153600K, used 45424K [0x00000000c0000000, 0x0000000100000000)
  region size 1024K, 1 young (1024K), 1 survivors (1024K)
 Metaspace       used 15627K, committed 15872K, reserved 1114112K
  class space    used 1344K, committed 1472K, reserved 1048576K
}
Event: 537.249 GC heap before
{Heap before GC invocations=320 (full 34):
 garbage-first heap   total 153600K, used 134512K [0x00000000c0000000, 0x0000000100000000)
  region size 1024K, 89 young (91136K), 1 survivors (1024K)
 Metaspace       used 15627K, committed 15872K, reserved 1114112K
  class space    used 1344K, committed 1472K, reserved 1048576K
}
Event: 537.251 GC heap after
{Heap after GC invocations=321 (full 34):
 garbage-first heap   total 153600K, used 45430K [0x00000000c0000000, 0x0000000100000000)
  region size 1024K, 1 young (1024K), 1 survivors (1024K)
 Metaspace       used 15627K, committed 15872K, reserved 1114112K
  class space    used 1344K, committed 1472K, reserved 1048576K
}
Event: 537.602 GC heap before
{Heap before GC invocations=321 (full 34):
 garbage-first heap   total 153600K, used 134518K [0x00000000c0000000, 0x0000000100000000)
  region size 1024K, 89 young (91136K), 1 survivors (1024K)
 Metaspace       used 15627K, committed 15872K, reserved 1114112K
  class space    used 1344K, committed 1472K, reserved 1048576K
}
Event: 537.604 GC heap after
{Heap after GC invocations=322 (full 34):
 garbage-first heap   total 153600K, used 45360K [0x00000000c0000000, 0x0000000100000000)
  region size 1024K, 1 young (1024K), 1 survivors (1024K)
 Metaspace       used 15627K, committed 15872K, reserved 1114112K
  class space    used 1344K, committed 1472K, reserved 1048576K
}
Event: 537.638 GC heap before
{Heap before GC invocations=322 (full 34):
 garbage-first heap   total 153600K, used 77104K [0x00000000c0000000, 0x0000000100000000)
  region size 1024K, 34 young (34816K), 1 survivors (1024K)
 Metaspace       used 15627K, committed 15872K, reserved 1114112K
  class space    used 1344K, committed 1472K, reserved 1048576K
}
Event: 537.681 GC heap after
{Heap after GC invocations=323 (full 35):
 garbage-first heap   total 153600K, used 45237K [0x00000000c0000000, 0x0000000100000000)
  region size 1024K, 0 young (0K), 0 survivors (0K)
 Metaspace       used 15627K, committed 15872K, reserved 1114112K
  class space    used 1344K, committed 1472K, reserved 1048576K
}
Event: 539.687 GC heap before
{Heap before GC invocations=323 (full 35):
 garbage-first heap   total 153600K, used 135349K [0x00000000c0000000, 0x0000000100000000)
  region size 1024K, 89 young (91136K), 0 survivors (0K)
 Metaspace       used 15631K, committed 15872K, reserved 1114112K
  class space    used 1344K, committed 1472K, reserved 1048576K
}
Event: 539.688 GC heap after
{Heap after GC invocations=324 (full 35):
 garbage-first heap   total 153600K, used 45334K [0x00000000c0000000, 0x0000000100000000)
  region size 1024K, 1 young (1024K), 1 survivors (1024K)
 Metaspace       used 15631K, committed 15872K, reserved 1114112K
  class space    used 1344K, committed 1472K, reserved 1048576K
}
Event: 543.614 GC heap before
{Heap before GC invocations=324 (full 35):
 garbage-first heap   total 153600K, used 134422K [0x00000000c0000000, 0x0000000100000000)
  region size 1024K, 89 young (91136K), 1 survivors (1024K)
 Metaspace       used 15631K, committed 15872K, reserved 1114112K
  class space    used 1344K, committed 1472K, reserved 1048576K
}
Event: 543.615 GC heap after
{Heap after GC invocations=325 (full 35):
 garbage-first heap   total 153600K, used 45357K [0x00000000c0000000, 0x0000000100000000)
  region size 1024K, 1 young (1024K), 1 survivors (1024K)
 Metaspace       used 15631K, committed 15872K, reserved 1114112K
  class space    used 1344K, committed 1472K, reserved 1048576K
}
Event: 546.404 GC heap before
{Heap before GC invocations=325 (full 35):
 garbage-first heap   total 153600K, used 81197K [0x00000000c0000000, 0x0000000100000000)
  region size 1024K, 38 young (38912K), 1 survivors (1024K)
 Metaspace       used 15641K, committed 15872K, reserved 1114112K
  class space    used 1344K, committed 1472K, reserved 1048576K
}
Event: 546.453 GC heap after
{Heap after GC invocations=326 (full 36):
 garbage-first heap   total 153600K, used 45294K [0x00000000c0000000, 0x0000000100000000)
  region size 1024K, 0 young (0K), 0 survivors (0K)
 Metaspace       used 15641K, committed 15872K, reserved 1114112K
  class space    used 1344K, committed 1472K, reserved 1048576K
}
Event: 546.930 GC heap before
{Heap before GC invocations=326 (full 36):
 garbage-first heap   total 153600K, used 105710K [0x00000000c0000000, 0x0000000100000000)
  region size 1024K, 61 young (62464K), 0 survivors (0K)
 Metaspace       used 15641K, committed 15872K, reserved 1114112K
  class space    used 1344K, committed 1472K, reserved 1048576K
}
Event: 546.974 GC heap after
{Heap after GC invocations=327 (full 37):
 garbage-first heap   total 153600K, used 45289K [0x00000000c0000000, 0x0000000100000000)
  region size 1024K, 0 young (0K), 0 survivors (0K)
 Metaspace       used 15641K, committed 15872K, reserved 1114112K
  class space    used 1344K, committed 1472K, reserved 1048576K
}
Event: 550.634 GC heap before
{Heap before GC invocations=327 (full 37):
 garbage-first heap   total 153600K, used 135401K [0x00000000c0000000, 0x0000000100000000)
  region size 1024K, 89 young (91136K), 0 survivors (0K)
 Metaspace       used 15641K, committed 15872K, reserved 1114112K
  class space    used 1344K, committed 1472K, reserved 1048576K
}

