# JRE version: Java(TM) SE Runtime Environment (17.0.8+9) (build 17.0.8+9-LTS-211)
# Java VM: Java HotSpot(TM) 64-Bit Server VM (17.0.8+9-LTS-211, mixed mode, sharing, tiered, compressed oops, compressed class ptrs, g1 gc, windows-amd64)
GC Precious Log:
 CPUs: 2 total, 2 available
 Memory: 4095M
 Large Page Support: Disabled
 NUMA Support: Disabled
 Compressed Oops: Enabled (32-bit)
 Heap Region Size: 1M
 Heap Min Capacity: 8M
 Heap Initial Capacity: 64M
 Heap Max Capacity: 1G
 Pre-touch: Disabled
 Parallel Workers: 2
 Concurrent Workers: 1
 Concurrent Refinement Workers: 2
 Periodic GC: Disabled
Heap:
 garbage-first heap   total 415744K, used 311808K [0x00000000c0000000, 0x0000000100000000)
  region size 1024K, 216 young (221184K), 13 survivors (13312K)
 Metaspace       used 30491K, committed 30912K, reserved 1114112K
  class space    used 3215K, committed 3392K, reserved 1048576K
GC Heap History (20 events):
Event: 11.063 GC heap before
{Heap before GC invocations=15 (full 0):
 garbage-first heap   total 149504K, used 109048K [0x00000000c0000000, 0x0000000100000000)
  region size 1024K, 64 young (65536K), 1 survivors (1024K)
 Metaspace       used 26118K, committed 26432K, reserved 1114112K
  class space    used 2845K, committed 3008K, reserved 1048576K
}
Event: 11.082 GC heap after
{Heap after GC invocations=16 (full 0):
 garbage-first heap   total 149504K, used 47860K [0x00000000c0000000, 0x0000000100000000)
  region size 1024K, 4 young (4096K), 4 survivors (4096K)
 Metaspace       used 26118K, committed 26432K, reserved 1114112K
  class space    used 2845K, committed 3008K, reserved 1048576K
}
Event: 11.462 GC heap before
{Heap before GC invocations=16 (full 0):
 garbage-first heap   total 149504K, used 115444K [0x00000000c0000000, 0x0000000100000000)
  region size 1024K, 69 young (70656K), 4 survivors (4096K)
 Metaspace       used 26172K, committed 26560K, reserved 1114112K
  class space    used 2845K, committed 3008K, reserved 1048576K
}
Event: 11.491 GC heap after
{Heap after GC invocations=17 (full 0):
 garbage-first heap   total 149504K, used 52265K [0x00000000c0000000, 0x0000000100000000)
  region size 1024K, 6 young (6144K), 6 survivors (6144K)
 Metaspace       used 26172K, committed 26560K, reserved 1114112K
  class space    used 2845K, committed 3008K, reserved 1048576K
}
Event: 11.839 GC heap before
{Heap before GC invocations=17 (full 0):
 garbage-first heap   total 149504K, used 118825K [0x00000000c0000000, 0x0000000100000000)
  region size 1024K, 70 young (71680K), 6 survivors (6144K)
 Metaspace       used 26426K, committed 26816K, reserved 1114112K
  class space    used 2886K, committed 3072K, reserved 1048576K
}
Event: 11.887 GC heap after
{Heap after GC invocations=18 (full 0):
 garbage-first heap   total 149504K, used 57011K [0x00000000c0000000, 0x0000000100000000)
  region size 1024K, 5 young (5120K), 5 survivors (5120K)
 Metaspace       used 26426K, committed 26816K, reserved 1114112K
  class space    used 2886K, committed 3072K, reserved 1048576K
}
Event: 12.066 GC heap before
{Heap before GC invocations=18 (full 0):
 garbage-first heap   total 149504K, used 119475K [0x00000000c0000000, 0x0000000100000000)
  region size 1024K, 65 young (66560K), 5 survivors (5120K)
 Metaspace       used 26453K, committed 26816K, reserved 1114112K
  class space    used 2888K, committed 3072K, reserved 1048576K
}
Event: 12.108 GC heap after
{Heap after GC invocations=19 (full 0):
 garbage-first heap   total 257024K, used 61349K [0x00000000c0000000, 0x0000000100000000)
  region size 1024K, 5 young (5120K), 5 survivors (5120K)
 Metaspace       used 26453K, committed 26816K, reserved 1114112K
  class space    used 2888K, committed 3072K, reserved 1048576K
}
Event: 12.627 GC heap before
{Heap before GC invocations=19 (full 0):
 garbage-first heap   total 257024K, used 212901K [0x00000000c0000000, 0x0000000100000000)
  region size 1024K, 150 young (153600K), 5 survivors (5120K)
 Metaspace       used 26565K, committed 26944K, reserved 1114112K
  class space    used 2898K, committed 3072K, reserved 1048576K
}
Event: 12.679 GC heap after
{Heap after GC invocations=20 (full 0):
 garbage-first heap   total 257024K, used 70596K [0x00000000c0000000, 0x0000000100000000)
  region size 1024K, 10 young (10240K), 10 survivors (10240K)
 Metaspace       used 26565K, committed 26944K, reserved 1114112K
  class space    used 2898K, committed 3072K, reserved 1048576K
}
Event: 13.078 GC heap before
{Heap before GC invocations=20 (full 0):
 garbage-first heap   total 257024K, used 210884K [0x00000000c0000000, 0x0000000100000000)
  region size 1024K, 142 young (145408K), 10 survivors (10240K)
 Metaspace       used 26581K, committed 26944K, reserved 1114112K
  class space    used 2900K, committed 3072K, reserved 1048576K
}
Event: 13.164 GC heap after
{Heap after GC invocations=21 (full 0):
 garbage-first heap   total 257024K, used 84378K [0x00000000c0000000, 0x0000000100000000)
  region size 1024K, 15 young (15360K), 15 survivors (15360K)
 Metaspace       used 26581K, committed 26944K, reserved 1114112K
  class space    used 2900K, committed 3072K, reserved 1048576K
}
Event: 14.768 GC heap before
{Heap before GC invocations=21 (full 0):
 garbage-first heap   total 257024K, used 213402K [0x00000000c0000000, 0x0000000100000000)
  region size 1024K, 140 young (143360K), 15 survivors (15360K)
 Metaspace       used 28160K, committed 28608K, reserved 1114112K
  class space    used 3054K, committed 3264K, reserved 1048576K
}
Event: 14.880 GC heap after
{Heap after GC invocations=22 (full 0):
 garbage-first heap   total 257024K, used 93163K [0x00000000c0000000, 0x0000000100000000)
  region size 1024K, 14 young (14336K), 14 survivors (14336K)
 Metaspace       used 28160K, committed 28608K, reserved 1114112K
  class space    used 3054K, committed 3264K, reserved 1048576K
}
Event: 16.593 GC heap before
{Heap before GC invocations=22 (full 0):
 garbage-first heap   total 257024K, used 209899K [0x00000000c0000000, 0x0000000100000000)
  region size 1024K, 129 young (132096K), 14 survivors (14336K)
 Metaspace       used 28512K, committed 28864K, reserved 1114112K
  class space    used 3074K, committed 3264K, reserved 1048576K
}
Event: 16.675 GC heap after
{Heap after GC invocations=23 (full 0):
 garbage-first heap   total 415744K, used 96768K [0x00000000c0000000, 0x0000000100000000)
  region size 1024K, 10 young (10240K), 10 survivors (10240K)
 Metaspace       used 28512K, committed 28864K, reserved 1114112K
  class space    used 3074K, committed 3264K, reserved 1048576K
}
Event: 19.583 GC heap before
{Heap before GC invocations=23 (full 0):
 garbage-first heap   total 415744K, used 336384K [0x00000000c0000000, 0x0000000100000000)
  region size 1024K, 242 young (247808K), 10 survivors (10240K)
 Metaspace       used 28712K, committed 29120K, reserved 1114112K
  class space    used 3082K, committed 3264K, reserved 1048576K
}
Event: 19.802 GC heap after
{Heap after GC invocations=24 (full 0):
 garbage-first heap   total 415744K, used 102144K [0x00000000c0000000, 0x0000000100000000)
  region size 1024K, 14 young (14336K), 14 survivors (14336K)
 Metaspace       used 28712K, committed 29120K, reserved 1114112K
  class space    used 3082K, committed 3264K, reserved 1048576K
}
Event: 21.809 GC heap before
{Heap before GC invocations=24 (full 0):
 garbage-first heap   total 415744K, used 336640K [0x00000000c0000000, 0x0000000100000000)
  region size 1024K, 243 young (248832K), 14 survivors (14336K)
 Metaspace       used 28742K, committed 29120K, reserved 1114112K
  class space    used 3082K, committed 3264K, reserved 1048576K
}
Event: 21.839 GC heap after
{Heap after GC invocations=25 (full 0):
 garbage-first heap   total 415744K, used 101888K [0x00000000c0000000, 0x0000000100000000)
  region size 1024K, 13 young (13312K), 13 survivors (13312K)
 Metaspace       used 28742K, committed 29120K, reserved 1114112K
  class space    used 3082K, committed 3264K, reserved 1048576K
}

