# JRE version: Java(TM) SE Runtime Environment (17.0.8+9) (build 17.0.8+9-LTS-211)
# Java VM: Java HotSpot(TM) 64-Bit Server VM (17.0.8+9-LTS-211, mixed mode, sharing, tiered, compressed oops, compressed class ptrs, g1 gc, windows-amd64)
GC Precious Log:
 CPUs: 2 total, 2 available
 Memory: 4095M
 Large Page Support: Disabled
 NUMA Support: Disabled
 Compressed Oops: Enabled (32-bit)
 Heap Region Size: 1M
 Heap Min Capacity: 8M
 Heap Initial Capacity: 64M
 Heap Max Capacity: 1G
 Pre-touch: Disabled
 Parallel Workers: 2
 Concurrent Workers: 1
 Concurrent Refinement Workers: 2
 Periodic GC: Disabled
Heap:
 garbage-first heap   total 140288K, used 41454K [0x00000000c0000000, 0x0000000100000000)
  region size 1024K, 1 young (1024K), 1 survivors (1024K)
 Metaspace       used 15732K, committed 15936K, reserved 1114112K
  class space    used 1358K, committed 1472K, reserved 1048576K
GC Heap History (20 events):
Event: 1115.893 GC heap after
{Heap after GC invocations=658 (full 72):
 garbage-first heap   total 140288K, used 41324K [0x00000000c0000000, 0x0000000100000000)
  region size 1024K, 1 young (1024K), 1 survivors (1024K)
 Metaspace       used 15731K, committed 15936K, reserved 1114112K
  class space    used 1358K, committed 1472K, reserved 1048576K
}
Event: 1117.041 GC heap before
{Heap before GC invocations=658 (full 72):
 garbage-first heap   total 140288K, used 86380K [0x00000000c0000000, 0x0000000100000000)
  region size 1024K, 46 young (47104K), 1 survivors (1024K)
 Metaspace       used 15731K, committed 15936K, reserved 1114112K
  class space    used 1358K, committed 1472K, reserved 1048576K
}
Event: 1117.100 GC heap after
{Heap after GC invocations=659 (full 73):
 garbage-first heap   total 140288K, used 41217K [0x00000000c0000000, 0x0000000100000000)
  region size 1024K, 0 young (0K), 0 survivors (0K)
 Metaspace       used 15731K, committed 15936K, reserved 1114112K
  class space    used 1358K, committed 1472K, reserved 1048576K
}
Event: 1120.586 GC heap before
{Heap before GC invocations=659 (full 73):
 garbage-first heap   total 140288K, used 123137K [0x00000000c0000000, 0x0000000100000000)
  region size 1024K, 81 young (82944K), 0 survivors (0K)
 Metaspace       used 15732K, committed 15936K, reserved 1114112K
  class space    used 1358K, committed 1472K, reserved 1048576K
}
Event: 1120.588 GC heap after
{Heap after GC invocations=660 (full 73):
 garbage-first heap   total 140288K, used 41352K [0x00000000c0000000, 0x0000000100000000)
  region size 1024K, 1 young (1024K), 1 survivors (1024K)
 Metaspace       used 15732K, committed 15936K, reserved 1114112K
  class space    used 1358K, committed 1472K, reserved 1048576K
}
Event: 1122.068 GC heap before
{Heap before GC invocations=660 (full 73):
 garbage-first heap   total 140288K, used 123272K [0x00000000c0000000, 0x0000000100000000)
  region size 1024K, 81 young (82944K), 1 survivors (1024K)
 Metaspace       used 15732K, committed 15936K, reserved 1114112K
  class space    used 1358K, committed 1472K, reserved 1048576K
}
Event: 1122.070 GC heap after
{Heap after GC invocations=661 (full 73):
 garbage-first heap   total 140288K, used 41361K [0x00000000c0000000, 0x0000000100000000)
  region size 1024K, 1 young (1024K), 1 survivors (1024K)
 Metaspace       used 15732K, committed 15936K, reserved 1114112K
  class space    used 1358K, committed 1472K, reserved 1048576K
}
Event: 1124.268 GC heap before
{Heap before GC invocations=661 (full 73):
 garbage-first heap   total 140288K, used 122257K [0x00000000c0000000, 0x0000000100000000)
  region size 1024K, 81 young (82944K), 1 survivors (1024K)
 Metaspace       used 15732K, committed 15936K, reserved 1114112K
  class space    used 1358K, committed 1472K, reserved 1048576K
}
Event: 1124.274 GC heap after
{Heap after GC invocations=662 (full 73):
 garbage-first heap   total 140288K, used 41456K [0x00000000c0000000, 0x0000000100000000)
  region size 1024K, 1 young (1024K), 1 survivors (1024K)
 Metaspace       used 15732K, committed 15936K, reserved 1114112K
  class space    used 1358K, committed 1472K, reserved 1048576K
}
Event: 1124.303 GC heap before
{Heap before GC invocations=662 (full 73):
 garbage-first heap   total 140288K, used 72176K [0x00000000c0000000, 0x0000000100000000)
  region size 1024K, 33 young (33792K), 1 survivors (1024K)
 Metaspace       used 15732K, committed 15936K, reserved 1114112K
  class space    used 1358K, committed 1472K, reserved 1048576K
}
Event: 1124.358 GC heap after
{Heap after GC invocations=663 (full 74):
 garbage-first heap   total 140288K, used 41265K [0x00000000c0000000, 0x0000000100000000)
  region size 1024K, 0 young (0K), 0 survivors (0K)
 Metaspace       used 15732K, committed 15936K, reserved 1114112K
  class space    used 1358K, committed 1472K, reserved 1048576K
}
Event: 1128.013 GC heap before
{Heap before GC invocations=663 (full 74):
 garbage-first heap   total 140288K, used 124209K [0x00000000c0000000, 0x0000000100000000)
  region size 1024K, 81 young (82944K), 0 survivors (0K)
 Metaspace       used 15732K, committed 15936K, reserved 1114112K
  class space    used 1358K, committed 1472K, reserved 1048576K
}
Event: 1128.015 GC heap after
{Heap after GC invocations=664 (full 74):
 garbage-first heap   total 140288K, used 41304K [0x00000000c0000000, 0x0000000100000000)
  region size 1024K, 1 young (1024K), 1 survivors (1024K)
 Metaspace       used 15732K, committed 15936K, reserved 1114112K
  class space    used 1358K, committed 1472K, reserved 1048576K
}
Event: 1130.542 GC heap before
{Heap before GC invocations=664 (full 74):
 garbage-first heap   total 140288K, used 122200K [0x00000000c0000000, 0x0000000100000000)
  region size 1024K, 81 young (82944K), 1 survivors (1024K)
 Metaspace       used 15732K, committed 15936K, reserved 1114112K
  class space    used 1358K, committed 1472K, reserved 1048576K
}
Event: 1130.544 GC heap after
{Heap after GC invocations=665 (full 74):
 garbage-first heap   total 140288K, used 41403K [0x00000000c0000000, 0x0000000100000000)
  region size 1024K, 1 young (1024K), 1 survivors (1024K)
 Metaspace       used 15732K, committed 15936K, reserved 1114112K
  class space    used 1358K, committed 1472K, reserved 1048576K
}
Event: 1132.241 GC heap before
{Heap before GC invocations=665 (full 74):
 garbage-first heap   total 140288K, used 122299K [0x00000000c0000000, 0x0000000100000000)
  region size 1024K, 81 young (82944K), 1 survivors (1024K)
 Metaspace       used 15732K, committed 15936K, reserved 1114112K
  class space    used 1358K, committed 1472K, reserved 1048576K
}
Event: 1132.243 GC heap after
{Heap after GC invocations=666 (full 74):
 garbage-first heap   total 140288K, used 41503K [0x00000000c0000000, 0x0000000100000000)
  region size 1024K, 1 young (1024K), 1 survivors (1024K)
 Metaspace       used 15732K, committed 15936K, reserved 1114112K
  class space    used 1358K, committed 1472K, reserved 1048576K
}
Event: 1132.315 GC heap before
{Heap before GC invocations=666 (full 74):
 garbage-first heap   total 140288K, used 122399K [0x00000000c0000000, 0x0000000100000000)
  region size 1024K, 81 young (82944K), 1 survivors (1024K)
 Metaspace       used 15732K, committed 15936K, reserved 1114112K
  class space    used 1358K, committed 1472K, reserved 1048576K
}
Event: 1132.317 GC heap after
{Heap after GC invocations=667 (full 74):
 garbage-first heap   total 140288K, used 41506K [0x00000000c0000000, 0x0000000100000000)
  region size 1024K, 1 young (1024K), 1 survivors (1024K)
 Metaspace       used 15732K, committed 15936K, reserved 1114112K
  class space    used 1358K, committed 1472K, reserved 1048576K
}
Event: 1132.403 GC heap before
{Heap before GC invocations=667 (full 74):
 garbage-first heap   total 140288K, used 122402K [0x00000000c0000000, 0x0000000100000000)
  region size 1024K, 81 young (82944K), 1 survivors (1024K)
 Metaspace       used 15732K, committed 15936K, reserved 1114112K
  class space    used 1358K, committed 1472K, reserved 1048576K
}

